[debug] [2022-09-26T13:25:30.385Z] ----------------------------------------------------------------------
[debug] [2022-09-26T13:25:30.387Z] Command:       /home/tanjiro/.nvm/versions/node/v16.8.0/bin/node /home/tanjiro/.nvm/versions/node/v16.8.0/bin/firebase emulators:start
[debug] [2022-09-26T13:25:30.388Z] CLI Version:   10.0.1
[debug] [2022-09-26T13:25:30.388Z] Platform:      linux
[debug] [2022-09-26T13:25:30.388Z] Node Version:  v16.8.0
[debug] [2022-09-26T13:25:30.388Z] Time:          Mon Sep 26 2022 07:25:30 GMT-0600 (Mexican Pacific Daylight Time)
[debug] [2022-09-26T13:25:30.388Z] ----------------------------------------------------------------------
[debug] 
[debug] [2022-09-26T13:25:30.473Z] > command requires scopes: ["email","openid","https://www.googleapis.com/auth/cloudplatformprojects.readonly","https://www.googleapis.com/auth/firebase","https://www.googleapis.com/auth/cloud-platform"]
[debug] [2022-09-26T13:25:30.473Z] > authorizing via signed-in user (apodacaduron@gmail.com)
[info] i  emulators: Starting emulators: auth, functions, firestore {"metadata":{"emulator":{"name":"hub"},"message":"Starting emulators: auth, functions, firestore"}}
[debug] [2022-09-26T13:25:30.493Z] [hub] writing locator at /tmp/hub-daila-72de7.json
[warn] ⚠  functions: The following emulators are not running, calls to these services from the Functions emulator will affect production: database, hosting, pubsub, storage {"metadata":{"emulator":{"name":"functions"},"message":"The following emulators are not running, calls to these services from the Functions emulator will affect production: \u001b[1mdatabase, hosting, pubsub, storage\u001b[22m"}}
[info] ✔  functions: Using node@16 from host. {"metadata":{"emulator":{"name":"functions"},"message":"Using node@16 from host."}}
[debug] [2022-09-26T13:25:30.527Z] defaultcredentials: writing to file /home/tanjiro/.config/firebase/apodacaduron_gmail_com_application_default_credentials.json
[debug] [2022-09-26T13:25:30.530Z] Setting GAC to /home/tanjiro/.config/firebase/apodacaduron_gmail_com_application_default_credentials.json {"metadata":{"emulator":{"name":"functions"},"message":"Setting GAC to /home/tanjiro/.config/firebase/apodacaduron_gmail_com_application_default_credentials.json"}}
[debug] [2022-09-26T13:25:30.532Z] >>> [apiv2][query] GET https://firebase.googleapis.com/v1beta1/projects/daila-72de7/adminSdkConfig [none]
[debug] [2022-09-26T13:25:30.808Z] <<< [apiv2][status] GET https://firebase.googleapis.com/v1beta1/projects/daila-72de7/adminSdkConfig 200
[debug] [2022-09-26T13:25:30.809Z] <<< [apiv2][body] GET https://firebase.googleapis.com/v1beta1/projects/daila-72de7/adminSdkConfig {"projectId":"daila-72de7","databaseURL":"https://daila-72de7-default-rtdb.firebaseio.com","storageBucket":"daila-72de7.appspot.com","locationId":"us-central"}
[debug] [2022-09-26T13:25:30.843Z] Ignoring unsupported arg: projectId {"metadata":{"emulator":{"name":"firestore"},"message":"Ignoring unsupported arg: projectId"}}
[debug] [2022-09-26T13:25:30.844Z] Ignoring unsupported arg: auto_download {"metadata":{"emulator":{"name":"firestore"},"message":"Ignoring unsupported arg: auto_download"}}
[debug] [2022-09-26T13:25:30.845Z] Starting Firestore Emulator with command {"binary":"java","args":["-Dgoogle.cloud_firestore.debug_log_level=FINE","-Duser.language=en","-jar","/home/tanjiro/.cache/firebase/emulators/cloud-firestore-emulator-v1.13.1.jar","--host","localhost","--port",8080,"--rules","/home/tanjiro/Documents/Personal/daila-ui/firestore.rules","--functions_emulator","localhost:5001"],"optionalArgs":["port","webchannel_port","host","rules","functions_emulator","seed_from_export"],"joinArgs":false} {"metadata":{"emulator":{"name":"firestore"},"message":"Starting Firestore Emulator with command {\"binary\":\"java\",\"args\":[\"-Dgoogle.cloud_firestore.debug_log_level=FINE\",\"-Duser.language=en\",\"-jar\",\"/home/tanjiro/.cache/firebase/emulators/cloud-firestore-emulator-v1.13.1.jar\",\"--host\",\"localhost\",\"--port\",8080,\"--rules\",\"/home/tanjiro/Documents/Personal/daila-ui/firestore.rules\",\"--functions_emulator\",\"localhost:5001\"],\"optionalArgs\":[\"port\",\"webchannel_port\",\"host\",\"rules\",\"functions_emulator\",\"seed_from_export\"],\"joinArgs\":false}"}}
[info] i  firestore: Firestore Emulator logging to firestore-debug.log {"metadata":{"emulator":{"name":"firestore"},"message":"Firestore Emulator logging to \u001b[1mfirestore-debug.log\u001b[22m"}}
[debug] [2022-09-26T13:25:31.939Z] Sep 26, 2022 7:25:31 AM com.google.cloud.datastore.emulator.firestore.websocket.WebSocketServer start
INFO: Started WebSocket server on ws://localhost:41345
 {"metadata":{"emulator":{"name":"firestore"},"message":"Sep 26, 2022 7:25:31 AM com.google.cloud.datastore.emulator.firestore.websocket.WebSocketServer start\nINFO: Started WebSocket server on ws://localhost:41345\n"}}
[debug] [2022-09-26T13:25:32.001Z] API endpoint: http://localhost {"metadata":{"emulator":{"name":"firestore"},"message":"API endpoint: http://localhost"}}
[debug] [2022-09-26T13:25:32.001Z] :8080
If you are using a library that supports the FIRESTORE_EMULATOR_HOST environment variable, run:

   export FIRESTORE_EMULATOR_HOST=localhost:8080

Dev App Server is now running.

 {"metadata":{"emulator":{"name":"firestore"},"message":":8080\nIf you are using a library that supports the FIRESTORE_EMULATOR_HOST environment variable, run:\n\n   export FIRESTORE_EMULATOR_HOST=localhost:8080\n\nDev App Server is now running.\n\n"}}
[info] i  ui: downloading ui-v1.6.4.zip... {"metadata":{"emulator":{"name":"ui"},"message":"downloading ui-v1.6.4.zip..."}}
[debug] [2022-09-26T13:25:36.191Z] >>> [apiv2][query] GET https://storage.googleapis.com/firebase-preview-drop/emulator/ui-v1.6.4.zip 
[debug] [2022-09-26T13:25:36.351Z] <<< [apiv2][status] GET https://storage.googleapis.com/firebase-preview-drop/emulator/ui-v1.6.4.zip 200
[debug] [2022-09-26T13:25:36.352Z] <<< [apiv2][body] GET https://storage.googleapis.com/firebase-preview-drop/emulator/ui-v1.6.4.zip [stream]
[debug] [2022-09-26T13:25:40.802Z] Ignoring unsupported arg: auto_download {"metadata":{"emulator":{"name":"ui"},"message":"Ignoring unsupported arg: auto_download"}}
[debug] [2022-09-26T13:25:40.803Z] Ignoring unsupported arg: port {"metadata":{"emulator":{"name":"ui"},"message":"Ignoring unsupported arg: port"}}
[debug] [2022-09-26T13:25:40.804Z] Starting Emulator UI with command {"binary":"node","args":["/home/tanjiro/.cache/firebase/emulators/ui-v1.6.4/server.bundle.js"],"optionalArgs":[],"joinArgs":false} {"metadata":{"emulator":{"name":"ui"},"message":"Starting Emulator UI with command {\"binary\":\"node\",\"args\":[\"/home/tanjiro/.cache/firebase/emulators/ui-v1.6.4/server.bundle.js\"],\"optionalArgs\":[],\"joinArgs\":false}"}}
[info] i  ui: Emulator UI logging to ui-debug.log {"metadata":{"emulator":{"name":"ui"},"message":"Emulator UI logging to \u001b[1mui-debug.log\u001b[22m"}}
[debug] [2022-09-26T13:25:40.908Z] Web / API server started at localhost:4000
 {"metadata":{"emulator":{"name":"ui"},"message":"Web / API server started at localhost:4000\n"}}
[info] i  functions: Watching "/home/tanjiro/Documents/Personal/daila-ui/functions" for Cloud Functions... {"metadata":{"emulator":{"name":"functions"},"message":"Watching \"/home/tanjiro/Documents/Personal/daila-ui/functions\" for Cloud Functions..."}}
[debug] [2022-09-26T13:25:41.151Z] [worker-pool] addWorker(~diagnostic~) {"metadata":{"emulator":{"name":"functions"},"message":"[worker-pool] addWorker(~diagnostic~)"}}
[debug] [2022-09-26T13:25:41.153Z] [worker-pool] Adding worker with key ~diagnostic~, total=1 {"metadata":{"emulator":{"name":"functions"},"message":"[worker-pool] Adding worker with key ~diagnostic~, total=1"}}
[debug] [2022-09-26T13:25:41.153Z] [worker-pool] submitWork(triggerId=) {"metadata":{"emulator":{"name":"functions"},"message":"[worker-pool] submitWork(triggerId=)"}}
[debug] [2022-09-26T13:25:41.154Z] [worker-~diagnostic~-91c979a3-3148-4bdc-a5af-0dbcf1b04996]: Assigning socketPath: /tmp/fire_emu_12315.sock {"metadata":{"emulator":{"name":"functions"},"message":"[worker-~diagnostic~-91c979a3-3148-4bdc-a5af-0dbcf1b04996]: Assigning socketPath: /tmp/fire_emu_12315.sock"}}
[debug] [2022-09-26T13:25:41.159Z] [worker-~diagnostic~-91c979a3-3148-4bdc-a5af-0dbcf1b04996]: BUSY {"metadata":{"emulator":{"name":"functions"},"message":"[worker-~diagnostic~-91c979a3-3148-4bdc-a5af-0dbcf1b04996]: BUSY"}}
[debug] [2022-09-26T13:25:41.324Z] [runtime-status] [12315] Functions runtime initialized. {"cwd":"/home/tanjiro/Documents/Personal/daila-ui/functions","node_version":"16.8.0"} {"metadata":{"emulator":{"name":"functions"},"message":"[runtime-status] [12315] Functions runtime initialized. {\"cwd\":\"/home/tanjiro/Documents/Personal/daila-ui/functions\",\"node_version\":\"16.8.0\"}"}}
[debug] [2022-09-26T13:25:41.325Z] [runtime-status] [12315] Disabled runtime features: undefined {"metadata":{"emulator":{"name":"functions"},"message":"[runtime-status] [12315] Disabled runtime features: undefined"}}
[debug] [2022-09-26T13:25:41.328Z] [runtime-status] [12315] Resolved module firebase-admin {"declared":true,"installed":true,"version":"11.0.1","resolution":"/home/tanjiro/Documents/Personal/daila-ui/functions/node_modules/firebase-admin/lib/index.js"} {"metadata":{"emulator":{"name":"functions"},"message":"[runtime-status] [12315] Resolved module firebase-admin {\"declared\":true,\"installed\":true,\"version\":\"11.0.1\",\"resolution\":\"/home/tanjiro/Documents/Personal/daila-ui/functions/node_modules/firebase-admin/lib/index.js\"}"}}
[debug] [2022-09-26T13:25:41.330Z] [runtime-status] [12315] Resolved module firebase-functions {"declared":true,"installed":true,"version":"3.24.0","resolution":"/home/tanjiro/Documents/Personal/daila-ui/functions/node_modules/firebase-functions/lib/index.js"} {"metadata":{"emulator":{"name":"functions"},"message":"[runtime-status] [12315] Resolved module firebase-functions {\"declared\":true,\"installed\":true,\"version\":\"3.24.0\",\"resolution\":\"/home/tanjiro/Documents/Personal/daila-ui/functions/node_modules/firebase-functions/lib/index.js\"}"}}
[debug] [2022-09-26T13:25:41.331Z] [runtime-status] [12315] Outgoing network have been stubbed. [{"name":"http","status":"mocked"},{"name":"http","status":"mocked"},{"name":"https","status":"mocked"},{"name":"https","status":"mocked"},{"name":"net","status":"mocked"}] {"metadata":{"emulator":{"name":"functions"},"message":"[runtime-status] [12315] Outgoing network have been stubbed. [{\"name\":\"http\",\"status\":\"mocked\"},{\"name\":\"http\",\"status\":\"mocked\"},{\"name\":\"https\",\"status\":\"mocked\"},{\"name\":\"https\",\"status\":\"mocked\"},{\"name\":\"net\",\"status\":\"mocked\"}]"}}
[debug] [2022-09-26T13:25:41.332Z] [runtime-status] [12315] Resolved module firebase-functions {"declared":true,"installed":true,"version":"3.24.0","resolution":"/home/tanjiro/Documents/Personal/daila-ui/functions/node_modules/firebase-functions/lib/index.js"} {"metadata":{"emulator":{"name":"functions"},"message":"[runtime-status] [12315] Resolved module firebase-functions {\"declared\":true,\"installed\":true,\"version\":\"3.24.0\",\"resolution\":\"/home/tanjiro/Documents/Personal/daila-ui/functions/node_modules/firebase-functions/lib/index.js\"}"}}
[debug] [2022-09-26T13:25:41.375Z] [runtime-status] [12315] Checked functions.config() {"config":{}} {"metadata":{"emulator":{"name":"functions"},"message":"[runtime-status] [12315] Checked functions.config() {\"config\":{}}"}}
[debug] [2022-09-26T13:25:41.375Z] [runtime-status] [12315] firebase-functions has been stubbed. {"functionsResolution":{"declared":true,"installed":true,"version":"3.24.0","resolution":"/home/tanjiro/Documents/Personal/daila-ui/functions/node_modules/firebase-functions/lib/index.js"}} {"metadata":{"emulator":{"name":"functions"},"message":"[runtime-status] [12315] firebase-functions has been stubbed. {\"functionsResolution\":{\"declared\":true,\"installed\":true,\"version\":\"3.24.0\",\"resolution\":\"/home/tanjiro/Documents/Personal/daila-ui/functions/node_modules/firebase-functions/lib/index.js\"}}"}}
[debug] [2022-09-26T13:25:41.376Z] [runtime-status] [12315] Resolved module firebase-functions {"declared":true,"installed":true,"version":"3.24.0","resolution":"/home/tanjiro/Documents/Personal/daila-ui/functions/node_modules/firebase-functions/lib/index.js"} {"metadata":{"emulator":{"name":"functions"},"message":"[runtime-status] [12315] Resolved module firebase-functions {\"declared\":true,\"installed\":true,\"version\":\"3.24.0\",\"resolution\":\"/home/tanjiro/Documents/Personal/daila-ui/functions/node_modules/firebase-functions/lib/index.js\"}"}}
[debug] [2022-09-26T13:25:41.377Z] [runtime-status] [12315] Resolved module firebase-admin {"declared":true,"installed":true,"version":"11.0.1","resolution":"/home/tanjiro/Documents/Personal/daila-ui/functions/node_modules/firebase-admin/lib/index.js"} {"metadata":{"emulator":{"name":"functions"},"message":"[runtime-status] [12315] Resolved module firebase-admin {\"declared\":true,\"installed\":true,\"version\":\"11.0.1\",\"resolution\":\"/home/tanjiro/Documents/Personal/daila-ui/functions/node_modules/firebase-admin/lib/index.js\"}"}}
[debug] [2022-09-26T13:25:41.378Z] [runtime-status] [12315] Resolved module firebase-functions {"declared":true,"installed":true,"version":"3.24.0","resolution":"/home/tanjiro/Documents/Personal/daila-ui/functions/node_modules/firebase-functions/lib/index.js"} {"metadata":{"emulator":{"name":"functions"},"message":"[runtime-status] [12315] Resolved module firebase-functions {\"declared\":true,\"installed\":true,\"version\":\"3.24.0\",\"resolution\":\"/home/tanjiro/Documents/Personal/daila-ui/functions/node_modules/firebase-functions/lib/index.js\"}"}}
[debug] [2022-09-26T13:25:41.378Z] [runtime-status] [12315] firebase-admin has been stubbed. {"adminResolution":{"declared":true,"installed":true,"version":"11.0.1","resolution":"/home/tanjiro/Documents/Personal/daila-ui/functions/node_modules/firebase-admin/lib/index.js"}} {"metadata":{"emulator":{"name":"functions"},"message":"[runtime-status] [12315] firebase-admin has been stubbed. {\"adminResolution\":{\"declared\":true,\"installed\":true,\"version\":\"11.0.1\",\"resolution\":\"/home/tanjiro/Documents/Personal/daila-ui/functions/node_modules/firebase-admin/lib/index.js\"}}"}}
[debug] [2022-09-26T13:25:41.380Z] [runtime-status] [12315] initializeApp(DEFAULT) {"storageBucket":"daila-72de7.appspot.com","databaseURL":"https://daila-72de7-default-rtdb.firebaseio.com","projectId":"daila-72de7"} {"metadata":{"emulator":{"name":"functions"},"message":"[runtime-status] [12315] initializeApp(DEFAULT) {\"storageBucket\":\"daila-72de7.appspot.com\",\"databaseURL\":\"https://daila-72de7-default-rtdb.firebaseio.com\",\"projectId\":\"daila-72de7\"}"}}
[info] ✔  functions[us-central1-createUserAccountCF]: http function initialized (http://localhost:5001/daila-72de7/us-central1/createUserAccountCF). {"metadata":{"emulator":{"name":"functions"},"message":"\u001b[1mhttp\u001b[22m function initialized (http://localhost:5001/daila-72de7/us-central1/createUserAccountCF)."}}
[info] 
┌─────────────────────────────────────────────────────────────┐
│ ✔  All emulators ready! It is now safe to connect your app. │
│ i  View Emulator UI at http://localhost:4000                │
└─────────────────────────────────────────────────────────────┘

┌────────────────┬────────────────┬─────────────────────────────────┐
│ Emulator       │ Host:Port      │ View in Emulator UI             │
├────────────────┼────────────────┼─────────────────────────────────┤
│ Authentication │ localhost:9099 │ http://localhost:4000/auth      │
├────────────────┼────────────────┼─────────────────────────────────┤
│ Functions      │ localhost:5001 │ http://localhost:4000/functions │
├────────────────┼────────────────┼─────────────────────────────────┤
│ Firestore      │ localhost:8080 │ http://localhost:4000/firestore │
└────────────────┴────────────────┴─────────────────────────────────┘
  Emulator Hub running at localhost:4400
  Other reserved ports: 4500

Issues? Report them at https://github.com/firebase/firebase-tools/issues and attach the *-debug.log files.
 
[debug] [2022-09-26T13:25:41.387Z] [worker-~diagnostic~-91c979a3-3148-4bdc-a5af-0dbcf1b04996]: IDLE {"metadata":{"emulator":{"name":"functions"},"message":"[worker-~diagnostic~-91c979a3-3148-4bdc-a5af-0dbcf1b04996]: IDLE"}}
[debug] [2022-09-26T13:26:16.265Z] Sep 26, 2022 7:26:16 AM io.gapi.emulators.netty.HttpVersionRoutingHandler channelRead
INFO: Detected non-HTTP/2 connection.
 {"metadata":{"emulator":{"name":"firestore"},"message":"Sep 26, 2022 7:26:16 AM io.gapi.emulators.netty.HttpVersionRoutingHandler channelRead\nINFO: Detected non-HTTP/2 connection.\n"}}
[debug] [2022-09-26T13:26:16.452Z] Sep 26, 2022 7:26:16 AM io.gapi.emulators.netty.NotFoundHandler handleRequest
INFO: Unknown request URI: /favicon.ico
 {"metadata":{"emulator":{"name":"firestore"},"message":"Sep 26, 2022 7:26:16 AM io.gapi.emulators.netty.NotFoundHandler handleRequest\nINFO: Unknown request URI: /favicon.ico\n"}}
[debug] [2022-09-26T13:26:52.975Z] Sep 26, 2022 7:26:52 AM io.gapi.emulators.netty.HttpVersionRoutingHandler channelRead
INFO: Detected non-HTTP/2 connection.
 {"metadata":{"emulator":{"name":"firestore"},"message":"Sep 26, 2022 7:26:52 AM io.gapi.emulators.netty.HttpVersionRoutingHandler channelRead\nINFO: Detected non-HTTP/2 connection.\n"}}
[debug] [2022-09-26T13:26:53.131Z] Sep 26, 2022 7:26:53 AM com.google.cloud.datastore.emulator.firestore.websocket.WebSocketChannelHandler initChannel
INFO: Connected to new websocket client
 {"metadata":{"emulator":{"name":"firestore"},"message":"Sep 26, 2022 7:26:53 AM com.google.cloud.datastore.emulator.firestore.websocket.WebSocketChannelHandler initChannel\nINFO: Connected to new websocket client\n"}}
[debug] [2022-09-26T13:26:56.966Z] Sep 26, 2022 7:26:56 AM io.gapi.emulators.netty.HttpVersionRoutingHandler channelRead
INFO: Detected non-HTTP/2 connection.
 {"metadata":{"emulator":{"name":"firestore"},"message":"Sep 26, 2022 7:26:56 AM io.gapi.emulators.netty.HttpVersionRoutingHandler channelRead\nINFO: Detected non-HTTP/2 connection.\n"}}
[debug] [2022-09-26T13:26:59.024Z] Sep 26, 2022 7:26:59 AM io.gapi.emulators.netty.HttpVersionRoutingHandler channelRead
INFO: Detected non-HTTP/2 connection.
 {"metadata":{"emulator":{"name":"firestore"},"message":"Sep 26, 2022 7:26:59 AM io.gapi.emulators.netty.HttpVersionRoutingHandler channelRead\nINFO: Detected non-HTTP/2 connection.\n"}}
[debug] [2022-09-26T13:27:00.012Z] Sep 26, 2022 7:27:00 AM io.gapi.emulators.netty.HttpVersionRoutingHandler channelRead
INFO: Detected non-HTTP/2 connection.
 {"metadata":{"emulator":{"name":"firestore"},"message":"Sep 26, 2022 7:27:00 AM io.gapi.emulators.netty.HttpVersionRoutingHandler channelRead\nINFO: Detected non-HTTP/2 connection.\n"}}
[debug] [2022-09-26T13:27:00.266Z] Sep 26, 2022 7:27:00 AM io.gapi.emulators.netty.HttpVersionRoutingHandler channelRead
INFO: Detected HTTP/2 connection.
 {"metadata":{"emulator":{"name":"firestore"},"message":"Sep 26, 2022 7:27:00 AM io.gapi.emulators.netty.HttpVersionRoutingHandler channelRead\nINFO: Detected HTTP/2 connection.\n"}}
[debug] [2022-09-26T13:27:01.120Z] Sep 26, 2022 7:27:01 AM io.gapi.emulators.netty.HttpVersionRoutingHandler channelRead
INFO: Detected non-HTTP/2 connection.
 {"metadata":{"emulator":{"name":"firestore"},"message":"Sep 26, 2022 7:27:01 AM io.gapi.emulators.netty.HttpVersionRoutingHandler channelRead\nINFO: Detected non-HTTP/2 connection.\n"}}
[debug] [2022-09-26T13:27:03.170Z] Sep 26, 2022 7:27:03 AM io.gapi.emulators.netty.HttpVersionRoutingHandler channelRead
INFO: Detected non-HTTP/2 connection.
 {"metadata":{"emulator":{"name":"firestore"},"message":"Sep 26, 2022 7:27:03 AM io.gapi.emulators.netty.HttpVersionRoutingHandler channelRead\nINFO: Detected non-HTTP/2 connection.\n"}}
[debug] [2022-09-26T13:27:05.261Z] Sep 26, 2022 7:27:05 AM io.gapi.emulators.netty.HttpVersionRoutingHandler channelRead
INFO: Detected non-HTTP/2 connection.
 {"metadata":{"emulator":{"name":"firestore"},"message":"Sep 26, 2022 7:27:05 AM io.gapi.emulators.netty.HttpVersionRoutingHandler channelRead\nINFO: Detected non-HTTP/2 connection.\n"}}
